<?xml version="1.0" encoding="UTF-8"?>
<testng-results skipped="0" failed="0" ignored="0" total="6" passed="6">
  <reporter-output>
  </reporter-output>
  <suite name="Default suite" duration-ms="5803" started-at="2018-04-27T15:12:14Z" finished-at="2018-04-27T15:12:19Z">
    <groups>
    </groups>
    <test name="Default test" duration-ms="5803" started-at="2018-04-27T15:12:14Z" finished-at="2018-04-27T15:12:19Z">
      <class name="GetRequest.GetData">
        <test-method status="PASS" signature="GetWeather()[pri:0, instance:GetRequest.GetData@36d4b5c]" name="GetWeather" duration-ms="3700" started-at="2018-04-27T20:42:14Z" finished-at="2018-04-27T20:42:17Z">
          <reporter-output>
          </reporter-output>
        </test-method> <!-- GetWeather -->
        <test-method status="PASS" signature="testBody()[pri:0, instance:GetRequest.GetData@36d4b5c]" name="testBody" duration-ms="442" started-at="2018-04-27T20:42:17Z" finished-at="2018-04-27T20:42:18Z">
          <reporter-output>
          </reporter-output>
        </test-method> <!-- testBody -->
        <test-method status="PASS" signature="testResponseCode()[pri:0, instance:GetRequest.GetData@36d4b5c]" name="testResponseCode" duration-ms="376" started-at="2018-04-27T20:42:18Z" finished-at="2018-04-27T20:42:18Z">
          <reporter-output>
          </reporter-output>
        </test-method> <!-- testResponseCode -->
        <test-method status="PASS" signature="testcityname()[pri:0, instance:GetRequest.GetData@36d4b5c]" name="testcityname" duration-ms="416" started-at="2018-04-27T20:42:18Z" finished-at="2018-04-27T20:42:19Z">
          <reporter-output>
          </reporter-output>
        </test-method> <!-- testcityname -->
        <test-method status="PASS" signature="testid()[pri:0, instance:GetRequest.GetData@36d4b5c]" name="testid" duration-ms="390" started-at="2018-04-27T20:42:19Z" finished-at="2018-04-27T20:42:19Z">
          <reporter-output>
          </reporter-output>
        </test-method> <!-- testid -->
        <test-method status="PASS" signature="testsys()[pri:0, instance:GetRequest.GetData@36d4b5c]" name="testsys" duration-ms="418" started-at="2018-04-27T20:42:19Z" finished-at="2018-04-27T20:42:19Z">
          <reporter-output>
          </reporter-output>
        </test-method> <!-- testsys -->
      </class> <!-- GetRequest.GetData -->
    </test> <!-- Default test -->
  </suite> <!-- Default suite -->
</testng-results>
