<?xml version="1.0" encoding="UTF-8"?>
<!-- Generated by org.testng.reporters.JUnitXMLReporter -->
<testsuite hostname="Ravi" ignored="0" name="Default test" tests="5" failures="0" timestamp="15 Apr 2018 05:28:48 GMT" time="5.165" errors="0">
  <testcase name="testBody" time="2.41" classname="GetRequest.GetData"/>
  <testcase name="testResponseCode" time="0.326" classname="GetRequest.GetData"/>
  <testcase name="testcityname" time="1.639" classname="GetRequest.GetData"/>
  <testcase name="testid" time="0.378" classname="GetRequest.GetData"/>
  <testcase name="testsys" time="0.351" classname="GetRequest.GetData"/>
</testsuite> <!-- Default test -->
