<?xml version="1.0" encoding="UTF-8"?>
<!-- Generated by org.testng.reporters.JUnitXMLReporter -->
<testsuite hostname="Ravi" ignored="0" name="Default test" tests="6" failures="0" timestamp="27 Apr 2018 15:12:19 GMT" time="5.803" errors="0">
  <testcase name="GetWeather" time="3.7" classname="GetRequest.GetData"/>
  <testcase name="testBody" time="0.442" classname="GetRequest.GetData"/>
  <testcase name="testResponseCode" time="0.376" classname="GetRequest.GetData"/>
  <testcase name="testcityname" time="0.416" classname="GetRequest.GetData"/>
  <testcase name="testid" time="0.39" classname="GetRequest.GetData"/>
  <testcase name="testsys" time="0.418" classname="GetRequest.GetData"/>
</testsuite> <!-- Default test -->
